\BOOKMARK [0][-]{section*.1}{Abstract}{}% 1
\BOOKMARK [0][-]{section*.2}{Acknowledgements}{}% 2
\BOOKMARK [0][-]{section*.3}{Acronyms}{}% 3
\BOOKMARK [0][-]{section*.4}{Table of contents}{}% 4
\BOOKMARK [-1][-]{part.1}{Introduction}{}% 5
\BOOKMARK [0][-]{chapter.1}{Introduction}{part.1}% 6
\BOOKMARK [1][-]{section.1.1}{Motivation}{chapter.1}% 7
\BOOKMARK [1][-]{section.1.2}{Problem Statement}{chapter.1}% 8
\BOOKMARK [1][-]{section.1.3}{Approach}{chapter.1}% 9
\BOOKMARK [1][-]{section.1.4}{Contributions}{chapter.1}% 10
\BOOKMARK [1][-]{section.1.5}{Organization}{chapter.1}% 11
\BOOKMARK [-1][-]{part.2}{Related Work}{}% 12
\BOOKMARK [0][-]{chapter.2}{Related Work}{part.2}% 13
\BOOKMARK [1][-]{section.2.1}{BPMN}{chapter.2}% 14
\BOOKMARK [1][-]{section.2.2}{CMMN}{chapter.2}% 15
\BOOKMARK [1][-]{section.2.3}{DMN}{chapter.2}% 16
\BOOKMARK [-1][-]{part.3}{The Evolution from BPMN to CMMN and DMN}{}% 17
\BOOKMARK [0][-]{chapter.3}{The Evolution from BPMN to CMMN and DMN}{part.3}% 18
\BOOKMARK [1][-]{section.3.1}{BPMN and its shortcomings}{chapter.3}% 19
\BOOKMARK [2][-]{subsection.3.1.1}{Origins of BPMN}{section.3.1}% 20
\BOOKMARK [2][-]{subsection.3.1.2}{Shortcomings}{section.3.1}% 21
\BOOKMARK [-1][-]{part*.6}{Appendix}{}% 22
\BOOKMARK [0][-]{section*.7}{List of Figures}{part*.6}% 23
\BOOKMARK [0][-]{appendix*.9}{Bibliography}{part*.6}% 24
